<?xml version="1.0" encoding="UTF-8" ?>
<testsuite failures="0" time="0.403" errors="0" skipped="0" tests="0" name="TestSuite">
  <properties>
    <property name="java.runtime.name" value="Java(TM) SE Runtime Environment"/>
    <property name="sun.boot.library.path" value="C:\Program Files\Java\jdk1.6.0_18\jre\bin"/>
    <property name="java.vm.version" value="16.0-b13"/>
    <property name="java.vm.vendor" value="Sun Microsystems Inc."/>
    <property name="java.vendor.url" value="http://java.sun.com/"/>
    <property name="path.separator" value=";"/>
    <property name="java.vm.name" value="Java HotSpot(TM) Client VM"/>
    <property name="file.encoding.pkg" value="sun.io"/>
    <property name="user.country" value=""/>
    <property name="sun.java.launcher" value="SUN_STANDARD"/>
    <property name="sun.os.patch.level" value=""/>
    <property name="java.vm.specification.name" value="Java Virtual Machine Specification"/>
    <property name="user.dir" value="D:\Nikola\Java\workspaces\OPO\opo"/>
    <property name="java.runtime.version" value="1.6.0_18-b07"/>
    <property name="java.awt.graphicsenv" value="sun.awt.Win32GraphicsEnvironment"/>
    <property name="basedir" value="D:\Nikola\Java\workspaces\OPO\opo"/>
    <property name="java.endorsed.dirs" value="C:\Program Files\Java\jdk1.6.0_18\jre\lib\endorsed"/>
    <property name="os.arch" value="x86"/>
    <property name="surefire.real.class.path" value="C:\Users\Nikola\AppData\Local\Temp\surefirebooter3489765256060625796.jar"/>
    <property name="java.io.tmpdir" value="C:\Users\Nikola\AppData\Local\Temp\"/>
    <property name="line.separator" value="
"/>
    <property name="java.vm.specification.vendor" value="Sun Microsystems Inc."/>
    <property name="user.variant" value=""/>
    <property name="os.name" value="Windows 7"/>
    <property name="sun.jnu.encoding" value="Cp1252"/>
    <property name="java.library.path" value="C:\Program Files\Java\jdk1.6.0_18\jre\bin;.;C:\Windows\Sun\Java\bin;C:\Windows\system32;C:\Windows;C:\Program Files\MiKTeX 2.8\miktex\bin;C:\Program Files\PC Connectivity Solution\;C:\Program Files\Common Files\Microsoft Shared\Windows Live;C:\Program Files\Mendeley Desktop\wordPlugin;C:\Windows\system32;C:\Windows;C:\Windows\System32\Wbem;C:\Windows\System32\WindowsPowerShell\v1.0\;C:\Program Files\QuickTime\QTSystem\;C:\Program Files\Java\apache-maven-2.2.1\bin;C:\Program Files\Java\jdk1.6.0_18\bin;C:\Users\Nikola\Desktop\stws\axis2-1.5.1;C:\Users\Nikola\Desktop\stws\axis2-1.5.1\bin;C:\Users\Nikola\.netbeans\6.8\modules\ext;C:\Program Files\NetBeans 6.8\mobility8\Java_ME_platform_SDK_3.0;C:\Program Files\NetBeans 6.8\mobility8\Java_ME_platform_SDK_3.0\bin;C:\MinGW\bin;\mysql;D:\JAVA\Java\Android\android-sdk-windows;C:\Program Files\doxygen\bin;C:\Program Files\gs\gs8.71\bin;C:\Program Files\TortoiseHg\"/>
    <property name="surefire.test.class.path" value="D:\Nikola\Java\workspaces\OPO\opo\target\test-classes;D:\Nikola\Java\workspaces\OPO\opo\target\classes;C:\Users\Nikola\.m2\repository\com\hp\hpl\jena\jena\2.6.2\jena-2.6.2.jar;C:\Users\Nikola\.m2\repository\com\hp\hpl\jena\iri\0.7\iri-0.7.jar;C:\Users\Nikola\.m2\repository\com\ibm\icu\icu4j\3.4.4\icu4j-3.4.4.jar;C:\Users\Nikola\.m2\repository\org\slf4j\slf4j-api\1.5.6\slf4j-api-1.5.6.jar;C:\Users\Nikola\.m2\repository\xerces\xercesImpl\2.7.1\xercesImpl-2.7.1.jar;C:\Users\Nikola\.m2\repository\org\slf4j\slf4j-log4j12\1.5.6\slf4j-log4j12-1.5.6.jar;C:\Users\Nikola\.m2\repository\log4j\log4j\1.2.13\log4j-1.2.13.jar;C:\Users\Nikola\.m2\repository\org\testng\testng\5.8\testng-5.8-jdk15.jar;C:\Users\Nikola\.m2\repository\junit\junit\3.8.1\junit-3.8.1.jar;C:\Users\Nikola\.m2\repository\thewebsemantic\jenabean\1.0.7\jenabean-1.0.7.jar;C:\Users\Nikola\.m2\repository\com\hp\hpl\jena\arq\2.8.2\arq-2.8.2.jar;C:\Users\Nikola\.m2\repository\org\codehaus\woodstox\wstx-asl\3.2.9\wstx-asl-3.2.9.jar;C:\Users\Nikola\.m2\repository\stax\stax-api\1.0.1\stax-api-1.0.1.jar;C:\Users\Nikola\.m2\repository\org\apache\lucene\lucene-core\2.3.1\lucene-core-2.3.1.jar;C:\Users\Nikola\.m2\repository\org\springframework\spring-core\2.5.6\spring-core-2.5.6.jar;C:\Users\Nikola\.m2\repository\commons-logging\commons-logging\1.1.1\commons-logging-1.1.1.jar;C:\Users\Nikola\.m2\repository\org\springframework\spring-context\2.5.6\spring-context-2.5.6.jar;C:\Users\Nikola\.m2\repository\aopalliance\aopalliance\1.0\aopalliance-1.0.jar;C:\Users\Nikola\.m2\repository\org\springframework\spring-beans\2.5.6\spring-beans-2.5.6.jar;"/>
    <property name="java.specification.name" value="Java Platform API Specification"/>
    <property name="java.class.version" value="50.0"/>
    <property name="sun.management.compiler" value="HotSpot Client Compiler"/>
    <property name="os.version" value="6.1"/>
    <property name="user.home" value="C:\Users\Nikola"/>
    <property name="user.timezone" value="Europe/Prague"/>
    <property name="java.awt.printerjob" value="sun.awt.windows.WPrinterJob"/>
    <property name="java.specification.version" value="1.6"/>
    <property name="file.encoding" value="Cp1250"/>
    <property name="user.name" value="Nikola"/>
    <property name="java.class.path" value="D:\Nikola\Java\workspaces\OPO\opo\target\test-classes;D:\Nikola\Java\workspaces\OPO\opo\target\classes;C:\Users\Nikola\.m2\repository\com\hp\hpl\jena\jena\2.6.2\jena-2.6.2.jar;C:\Users\Nikola\.m2\repository\com\hp\hpl\jena\iri\0.7\iri-0.7.jar;C:\Users\Nikola\.m2\repository\com\ibm\icu\icu4j\3.4.4\icu4j-3.4.4.jar;C:\Users\Nikola\.m2\repository\org\slf4j\slf4j-api\1.5.6\slf4j-api-1.5.6.jar;C:\Users\Nikola\.m2\repository\xerces\xercesImpl\2.7.1\xercesImpl-2.7.1.jar;C:\Users\Nikola\.m2\repository\org\slf4j\slf4j-log4j12\1.5.6\slf4j-log4j12-1.5.6.jar;C:\Users\Nikola\.m2\repository\log4j\log4j\1.2.13\log4j-1.2.13.jar;C:\Users\Nikola\.m2\repository\org\testng\testng\5.8\testng-5.8-jdk15.jar;C:\Users\Nikola\.m2\repository\junit\junit\3.8.1\junit-3.8.1.jar;C:\Users\Nikola\.m2\repository\thewebsemantic\jenabean\1.0.7\jenabean-1.0.7.jar;C:\Users\Nikola\.m2\repository\com\hp\hpl\jena\arq\2.8.2\arq-2.8.2.jar;C:\Users\Nikola\.m2\repository\org\codehaus\woodstox\wstx-asl\3.2.9\wstx-asl-3.2.9.jar;C:\Users\Nikola\.m2\repository\stax\stax-api\1.0.1\stax-api-1.0.1.jar;C:\Users\Nikola\.m2\repository\org\apache\lucene\lucene-core\2.3.1\lucene-core-2.3.1.jar;C:\Users\Nikola\.m2\repository\org\springframework\spring-core\2.5.6\spring-core-2.5.6.jar;C:\Users\Nikola\.m2\repository\commons-logging\commons-logging\1.1.1\commons-logging-1.1.1.jar;C:\Users\Nikola\.m2\repository\org\springframework\spring-context\2.5.6\spring-context-2.5.6.jar;C:\Users\Nikola\.m2\repository\aopalliance\aopalliance\1.0\aopalliance-1.0.jar;C:\Users\Nikola\.m2\repository\org\springframework\spring-beans\2.5.6\spring-beans-2.5.6.jar;"/>
    <property name="java.vm.specification.version" value="1.0"/>
    <property name="sun.arch.data.model" value="32"/>
    <property name="java.home" value="C:\Program Files\Java\jdk1.6.0_18\jre"/>
    <property name="java.specification.vendor" value="Sun Microsystems Inc."/>
    <property name="user.language" value="sr"/>
    <property name="awt.toolkit" value="sun.awt.windows.WToolkit"/>
    <property name="java.vm.info" value="mixed mode, sharing"/>
    <property name="java.version" value="1.6.0_18"/>
    <property name="java.ext.dirs" value="C:\Program Files\Java\jdk1.6.0_18\jre\lib\ext;C:\Windows\Sun\Java\lib\ext"/>
    <property name="sun.boot.class.path" value="C:\Program Files\Java\jdk1.6.0_18\jre\lib\resources.jar;C:\Program Files\Java\jdk1.6.0_18\jre\lib\rt.jar;C:\Program Files\Java\jdk1.6.0_18\jre\lib\sunrsasign.jar;C:\Program Files\Java\jdk1.6.0_18\jre\lib\jsse.jar;C:\Program Files\Java\jdk1.6.0_18\jre\lib\jce.jar;C:\Program Files\Java\jdk1.6.0_18\jre\lib\charsets.jar;C:\Program Files\Java\jdk1.6.0_18\jre\classes"/>
    <property name="java.vendor" value="Sun Microsystems Inc."/>
    <property name="localRepository" value="C:\Users\Nikola\.m2\repository"/>
    <property name="file.separator" value="\"/>
    <property name="java.vendor.url.bug" value="http://java.sun.com/cgi-bin/bugreport.cgi"/>
    <property name="sun.cpu.endian" value="little"/>
    <property name="sun.io.unicode.encoding" value="UnicodeLittle"/>
    <property name="sun.desktop" value="windows"/>
    <property name="sun.cpu.isalist" value=""/>
  </properties>
</testsuite>